6c6
< Q(3,:) = [0.534500 0.060000 1.100000 1];     		 
---
> Q(3,:) = [0.534500 0.060000 1.100000 1]; 
81,85c81,85
< Q(61,:) = [298 272 310 1]; %
< Q(62,:) = [161.900000 30.000000 999.000000 1]; 
< Q(63,:) = [5000 2000 5000 1]; % 
< Q(64,:) = [156.500000 40.000000 400.000000 1]; 
< Q(65,:) = [137.550000 36.250000 999.000000 1]; 
---
> Q(61,:) = [298 272 310 0]; %
> Q(62,:) = [161.900000 30.000000 999.000000 0]; 
> Q(63,:) = [5000 2000 5000 0]; % 
> Q(64,:) = [156.500000 40.000000 400.000000 0]; 
> Q(65,:) = [137.550000 36.250000 999.000000 0]; 
94,95c94,95
< Q(68,:) = [1 0 5 1]; 
< Q(69,:) = [1 0 5 1]; 
---
> Q(68,:) = [1 0 5 0]; 
> Q(69,:) = [1 0 5 0]; 
